Arguments: 
  C:\Program Files\nodejs\node.exe C:\Program Files (x86)\Yarn\bin\yarn.js add react-select

PATH: 
  C:\WINDOWS\system32;C:\WINDOWS;C:\WINDOWS\System32\Wbem;C:\WINDOWS\System32\WindowsPowerShell\v1.0\;C:\Program Files\nodejs\;C:\Program Files\Git\cmd;C:\WINDOWS\System32\OpenSSH\;C:\Program Files (x86)\Yarn\bin\;C:\Program Files (x86)\PuTTY\;C:\Users\hp\AppData\Local\Programs\Python\Python38-32\Scripts\;C:\Users\hp\AppData\Local\Programs\Python\Python38-32\;C:\Users\hp\AppData\Roaming\npm;C:\Users\hp\AppData\Local\Programs\Microsoft VS Code\bin;C:\Users\hp\AppData\Local\GitHubDesktop\bin;C:\Users\hp\AppData\Local\Microsoft\WindowsApps;C:\Users\hp\AppData\Local\Yarn\bin;C:\Program Files (x86)\heroku\bin;C:\Users\hp\Desktop\heroku\bin;

Yarn version: 
  1.19.0

Node version: 
  10.16.0

Platform: 
  win32 x64

Trace: 
  Error: EPERM: operation not permitted, unlink 'C:\Saransh-Projects\onboarding-application\node_modules\bcrypt\lib\binding\napi-v3\bcrypt_lib.node'

npm manifest: 
  {
    "name": "onboarding-application",
    "version": "1.0.0",
    "description": "",
    "main": "server.js",
    "scripts": {
      "client-install": "npm install --prefix client",
      "start": "node server.js",
      "server": "nodemon server.js",
      "client": "npm start --prefix client",
      "dev": "concurrently \"npm run server\" \"npm run client\"",
      "heroku-postbuild": "NPM_CONFIG_PRODUCTION=false npm install --prefix client && npm run build --prefix client"
    },
    "keywords": [],
    "author": "",
    "license": "ISC",
    "dependencies": {
      "bcrypt": "^4.0.1",
      "bcryptjs": "^2.4.3",
      "body-parser": "^1.19.0",
      "concurrently": "^5.1.0",
      "express": "^4.17.1",
      "is-empty": "^1.2.0",
      "jsonwebtoken": "^8.5.1",
      "mongoose": "^5.9.3",
      "multer": "^1.4.2",
      "passport": "^0.4.1",
      "passport-jwt": "^4.0.0",
      "path": "^0.12.7",
      "validator": "^12.2.0"
    }
  }

yarn manifest: 
  No manifest

Lockfile: 
  No lockfile
